<?xml version="1.0" encoding="UTF-8"?>
<!-- Generated by org.testng.reporters.JUnitXMLReporter -->
<testsuite ignored="0" hostname="A-PC0YPH5Z" failures="0" tests="4" name="Default test" time="0.213" errors="0" timestamp="2022-02-24T12:36:09 IST">
  <testcase classname="oops.testngcases" name="tc1" time="0.03"/>
  <testcase classname="oops.testngcases" name="tc2" time="0.006"/>
  <testcase classname="oops.testngcases" name="tc3" time="0.005"/>
  <testcase classname="oops.testngcases" name="tc4" time="0.005"/>
</testsuite> <!-- Default test -->
