<?xml version="1.0" encoding="UTF-8"?>
<!-- Generated by org.testng.reporters.JUnitXMLReporter -->
<testsuite ignored="1" hostname="A-PC0YPH5Z" failures="0" tests="3" name="Test" time="0.082" errors="0" timestamp="2022-02-24T12:46:36 IST">
  <testcase classname="oops.testngcases" name="tc1" time="0.012"/>
  <testcase classname="oops.testngcases" name="tc2" time="0.001"/>
  <testcase classname="oops.testngcases" name="tc3" time="0.001"/>
  <testcase classname="oops.testngcases" name="tc4" time="0.0">
    <ignored/>
  </testcase> <!-- tc4 -->
</testsuite> <!-- Test -->
