<?xml version="1.0" encoding="UTF-8"?>
<testng-results ignored="1" total="4" passed="3" failed="0" skipped="0">
  <reporter-output>
  </reporter-output>
  <suite started-at="2022-02-24T12:46:36 IST" name="Suite" finished-at="2022-02-24T12:46:36 IST" duration-ms="82">
    <groups>
      <group name="P0">
        <method signature="testngcases.tc1(java.lang.String,java.lang.String)[pri:0, instance:oops.testngcases@6f27a732]" name="tc1" class="oops.testngcases"/>
        <method signature="testngcases.tc2()[pri:0, instance:oops.testngcases@6f27a732]" name="tc2" class="oops.testngcases"/>
        <method signature="testngcases.tc3()[pri:0, instance:oops.testngcases@6f27a732]" name="tc3" class="oops.testngcases"/>
      </group> <!-- P0 -->
    </groups>
    <test started-at="2022-02-24T12:46:36 IST" name="Test" finished-at="2022-02-24T12:46:36 IST" duration-ms="82">
      <class name="oops.testngcases">
        <test-method signature="tc1(java.lang.String,java.lang.String)[pri:0, instance:oops.testngcases@6f27a732]" started-at="2022-02-24T12:46:36 IST" name="tc1" finished-at="2022-02-24T12:46:36 IST" duration-ms="12" status="PASS">
          <params>
            <param index="0">
              <value>
                <![CDATA[Chrome]]>
              </value>
            </param>
            <param index="1">
              <value>
                <![CDATA[https://www.youtube.com]]>
              </value>
            </param>
          </params>
          <reporter-output>
          </reporter-output>
        </test-method> <!-- tc1 -->
        <test-method signature="tc2()[pri:0, instance:oops.testngcases@6f27a732]" started-at="2022-02-24T12:46:36 IST" name="tc2" finished-at="2022-02-24T12:46:36 IST" duration-ms="1" status="PASS">
          <reporter-output>
          </reporter-output>
        </test-method> <!-- tc2 -->
        <test-method signature="tc3()[pri:0, instance:oops.testngcases@6f27a732]" started-at="2022-02-24T12:46:36 IST" name="tc3" finished-at="2022-02-24T12:46:36 IST" duration-ms="1" status="PASS">
          <reporter-output>
          </reporter-output>
        </test-method> <!-- tc3 -->
      </class> <!-- oops.testngcases -->
    </test> <!-- Test -->
  </suite> <!-- Suite -->
</testng-results>
